c:\users\hp\source\repos\剧院票务管理系统\剧院票务管理系统\debug\剧院票务管理系统.pch
c:\users\hp\source\repos\剧院票务管理系统\剧院票务管理系统\debug\vc141.pdb
c:\users\hp\source\repos\剧院票务管理系统\剧院票务管理系统\debug\vc141.idb
c:\users\hp\source\repos\剧院票务管理系统\剧院票务管理系统\debug\stdafx.obj
c:\users\hp\source\repos\剧院票务管理系统\剧院票务管理系统\debug\剧院票务管理系统.obj
c:\users\hp\source\repos\剧院票务管理系统\剧院票务管理系统\debug\window.obj
c:\users\hp\source\repos\剧院票务管理系统\剧院票务管理系统\debug\welcome.obj
c:\users\hp\source\repos\剧院票务管理系统\剧院票务管理系统\debug\sonfunction.obj
c:\users\hp\source\repos\剧院票务管理系统\剧院票务管理系统\debug\process.obj
c:\users\hp\source\repos\剧院票务管理系统\剧院票务管理系统\debug\linklist.obj
c:\users\hp\source\repos\剧院票务管理系统\剧院票务管理系统\debug\initialize.obj
c:\users\hp\source\repos\剧院票务管理系统\剧院票务管理系统\debug\friendly.obj
c:\users\hp\source\repos\剧院票务管理系统\剧院票务管理系统\debug\filefunction.obj
c:\users\hp\source\repos\剧院票务管理系统\debug\剧院票务管理系统.ilk
c:\users\hp\source\repos\剧院票务管理系统\debug\剧院票务管理系统.exe
c:\users\hp\source\repos\剧院票务管理系统\debug\剧院票务管理系统.pdb
c:\users\hp\source\repos\剧院票务管理系统\剧院票务管理系统\debug\剧院票务管理系统.res
c:\users\hp\source\repos\剧院票务管理系统\剧院票务管理系统\debug\剧院票务管理系统.tlog\cl.command.1.tlog
c:\users\hp\source\repos\剧院票务管理系统\剧院票务管理系统\debug\剧院票务管理系统.tlog\cl.read.1.tlog
c:\users\hp\source\repos\剧院票务管理系统\剧院票务管理系统\debug\剧院票务管理系统.tlog\cl.write.1.tlog
c:\users\hp\source\repos\剧院票务管理系统\剧院票务管理系统\debug\剧院票务管理系统.tlog\link.command.1.tlog
c:\users\hp\source\repos\剧院票务管理系统\剧院票务管理系统\debug\剧院票务管理系统.tlog\link.read.1.tlog
c:\users\hp\source\repos\剧院票务管理系统\剧院票务管理系统\debug\剧院票务管理系统.tlog\link.write.1.tlog
c:\users\hp\source\repos\剧院票务管理系统\剧院票务管理系统\debug\剧院票务管理系统.tlog\rc.command.1.tlog
c:\users\hp\source\repos\剧院票务管理系统\剧院票务管理系统\debug\剧院票务管理系统.tlog\rc.read.1.tlog
c:\users\hp\source\repos\剧院票务管理系统\剧院票务管理系统\debug\剧院票务管理系统.tlog\rc.write.1.tlog
