c:\users\hp\source\repos\剧院票务管理系统\剧院票务管理系统\release\剧院票务管理系统.pch
c:\users\hp\source\repos\剧院票务管理系统\剧院票务管理系统\release\vc141.pdb
c:\users\hp\source\repos\剧院票务管理系统\剧院票务管理系统\release\stdafx.obj
c:\users\hp\source\repos\剧院票务管理系统\剧院票务管理系统\release\剧院票务管理系统.obj
c:\users\hp\source\repos\剧院票务管理系统\剧院票务管理系统\release\window.obj
c:\users\hp\source\repos\剧院票务管理系统\剧院票务管理系统\release\welcome.obj
c:\users\hp\source\repos\剧院票务管理系统\剧院票务管理系统\release\sonfunction.obj
c:\users\hp\source\repos\剧院票务管理系统\剧院票务管理系统\release\process.obj
c:\users\hp\source\repos\剧院票务管理系统\剧院票务管理系统\release\linklist.obj
c:\users\hp\source\repos\剧院票务管理系统\剧院票务管理系统\release\initialize.obj
c:\users\hp\source\repos\剧院票务管理系统\剧院票务管理系统\release\friendly.obj
c:\users\hp\source\repos\剧院票务管理系统\剧院票务管理系统\release\filefunction.obj
c:\users\hp\source\repos\剧院票务管理系统\release\剧院票务管理系统.exe
c:\users\hp\source\repos\剧院票务管理系统\release\剧院票务管理系统.pdb
c:\users\hp\source\repos\剧院票务管理系统\剧院票务管理系统\release\剧院票务管理系统.res
c:\users\hp\source\repos\剧院票务管理系统\release\剧院票务管理系统.ipdb
c:\users\hp\source\repos\剧院票务管理系统\release\剧院票务管理系统.iobj
c:\users\hp\source\repos\剧院票务管理系统\剧院票务管理系统\release\剧院票务管理系统.tlog\cl.command.1.tlog
c:\users\hp\source\repos\剧院票务管理系统\剧院票务管理系统\release\剧院票务管理系统.tlog\cl.read.1.tlog
c:\users\hp\source\repos\剧院票务管理系统\剧院票务管理系统\release\剧院票务管理系统.tlog\cl.write.1.tlog
c:\users\hp\source\repos\剧院票务管理系统\剧院票务管理系统\release\剧院票务管理系统.tlog\link.command.1.tlog
c:\users\hp\source\repos\剧院票务管理系统\剧院票务管理系统\release\剧院票务管理系统.tlog\link.read.1.tlog
c:\users\hp\source\repos\剧院票务管理系统\剧院票务管理系统\release\剧院票务管理系统.tlog\link.write.1.tlog
c:\users\hp\source\repos\剧院票务管理系统\剧院票务管理系统\release\剧院票务管理系统.tlog\rc.command.1.tlog
c:\users\hp\source\repos\剧院票务管理系统\剧院票务管理系统\release\剧院票务管理系统.tlog\rc.read.1.tlog
c:\users\hp\source\repos\剧院票务管理系统\剧院票务管理系统\release\剧院票务管理系统.tlog\rc.write.1.tlog
c:\users\hp\source\repos\剧院票务管理系统\剧院票务管理系统\release\剧院票务管理系统.tlog\剧院票务管理系统.write.1u.tlog
